\BOOKMARK [1][-]{section*.1}{\376\377\000A\000B\000S\000T\000R\000A\000C\000T}{}% 1
\BOOKMARK [1][-]{section*.2}{\376\377\000R\000E\000S\000U\000M\000E\000N}{}% 2
\BOOKMARK [1][-]{section*.3}{\376\377\000A\000C\000K\000N\000O\000W\000L\000E\000D\000G\000M\000E\000N\000T\000S}{}% 3
\BOOKMARK [1][-]{chapter*.6}{\376\377\000A\000C\000R\000O\000N\000Y\000M\000S}{}% 4
\BOOKMARK [0][-]{chapter.1}{\376\377\000I\000N\000T\000R\000O\000D\000U\000C\000T\000I\000O\000N}{}% 5
\BOOKMARK [1][-]{section.1.1}{\376\377\000M\000o\000t\000i\000v\000a\000t\000i\000o\000n\000\040\000a\000n\000d\000\040\000J\000u\000s\000t\000i\000f\000i\000c\000a\000t\000i\000o\000n}{chapter.1}% 6
\BOOKMARK [1][-]{section.1.2}{\376\377\000O\000b\000j\000e\000c\000t\000i\000v\000e\000s}{chapter.1}% 7
\BOOKMARK [1][-]{section.1.3}{\376\377\000C\000h\000a\000p\000t\000e\000r\000\040\000S\000u\000m\000m\000a\000r\000y}{chapter.1}% 8
\BOOKMARK [0][-]{chapter.2}{\376\377\000L\000i\000t\000e\000r\000a\000t\000u\000r\000e\000\040\000R\000e\000v\000i\000e\000w}{}% 9
\BOOKMARK [1][-]{section.2.1}{\376\377\000I\000n\000t\000r\000o\000d\000u\000c\000t\000i\000o\000n\000\040\000t\000o\000\040\000f\000m\000r\000i}{chapter.2}% 10
\BOOKMARK [1][-]{section.2.2}{\376\377\000A\000n\000a\000l\000y\000s\000i\000s\000\040\000o\000f\000\040\000f\000m\000r\000i\000\040\000D\000a\000t\000a\000\040\000-\000\040\000T\000i\000m\000e\000\040\000S\000e\000r\000i\000e\000s\000,\000\040\000A\000c\000t\000i\000v\000a\000t\000i\000o\000n\000\040\000D\000e\000t\000e\000c\000t\000i\000o\000n\000\040\000a\000n\000d\000\040\000F\000i\000n\000a\000l\000\040\000I\000m\000a\000g\000e}{chapter.2}% 11
\BOOKMARK [1][-]{section.2.3}{\376\377\000B\000a\000y\000e\000s\000i\000a\000n\000\040\000A\000n\000a\000l\000y\000s\000i\000s}{chapter.2}% 12
\BOOKMARK [1][-]{section.2.4}{\376\377\000R\000e\000l\000e\000v\000a\000n\000t\000\040\000D\000i\000s\000t\000r\000i\000b\000u\000t\000i\000o\000n\000s}{chapter.2}% 13
\BOOKMARK [0][-]{chapter.3}{\376\377\000M\000e\000t\000h\000o\000d\000o\000l\000o\000g\000y}{}% 14
\BOOKMARK [1][-]{section.3.1}{\376\377\000T\000i\000m\000e\000-\000S\000e\000r\000i\000e\000s\000\040\000M\000o\000d\000e\000l}{chapter.3}% 15
\BOOKMARK [1][-]{section.3.2}{\376\377\000b\000f\000a\000s\000t\000\040\000A\000l\000g\000o\000r\000i\000t\000h\000m}{chapter.3}% 16
\BOOKMARK [2][-]{subsection.3.2.1}{\376\377\000t\000n\000\040\000D\000i\000s\000t\000r\000i\000b\000u\000t\000i\000o\000n}{section.3.2}% 17
\BOOKMARK [2][-]{subsection.3.2.2}{\376\377\000e\000v\000t}{section.3.2}% 18
\BOOKMARK [2][-]{subsection.3.2.3}{\376\377\000G\000a\000u\000s\000s\000i\000a\000n\000\040\000K\000e\000r\000n\000e\000l\000\040\000S\000m\000o\000o\000t\000h\000i\000n\000g}{section.3.2}% 19
\BOOKMARK [2][-]{subsection.3.2.4}{\376\377\000D\000e\000f\000i\000n\000i\000t\000i\000o\000n\000\040\000o\000f\000\040\000t\000h\000e\000\040\000j\000i}{section.3.2}% 20
\BOOKMARK [2][-]{subsection.3.2.5}{\376\377\000b\000f\000a\000s\000t\000\040\000P\000s\000e\000u\000d\000o\000c\000o\000d\000e}{section.3.2}% 21
\BOOKMARK [0][-]{chapter.4}{\376\377\000E\000x\000p\000e\000r\000i\000m\000e\000n\000t\000a\000l\000\040\000S\000i\000m\000u\000l\000a\000t\000i\000o\000n}{}% 22
\BOOKMARK [1][-]{section.4.1}{\376\377\000G\000e\000n\000e\000r\000a\000t\000i\000o\000n\000\040\000o\000f\000\040\000t\000h\000e\000\040\000S\000i\000m\000u\000l\000a\000t\000e\000d\000\040\000F\000r\000a\000m\000e\000w\000o\000r\000k}{chapter.4}% 23
\BOOKMARK [2][-]{subsection.4.1.1}{\376\377\000S\000e\000l\000e\000c\000t\000i\000o\000n\000\040\000o\000f\000\040\000T\000r\000u\000e\000\040\000M\000a\000p\000s}{section.4.1}% 24
\BOOKMARK [2][-]{subsection.4.1.2}{\376\377\000C\000r\000e\000a\000t\000i\000o\000n\000\040\000o\000f\000\040\000D\000e\000s\000i\000g\000n\000\040\000M\000a\000t\000r\000i\000x}{section.4.1}% 25
\BOOKMARK [2][-]{subsection.4.1.3}{\376\377\000C\000o\000m\000p\000u\000t\000a\000t\000i\000o\000n\000\040\000o\000f\000\040\000b\000o\000l\000d}{section.4.1}% 26
\BOOKMARK [0][-]{chapter.5}{\376\377\000P\000e\000r\000f\000o\000r\000m\000a\000n\000c\000e\000\040\000E\000v\000a\000l\000u\000a\000t\000i\000o\000n\000\040\000R\000e\000s\000u\000l\000t\000s}{}% 27
\BOOKMARK [1][-]{section.5.1}{\376\377\000N\000o\000i\000s\000e\000\040\000i\000n\000\040\000S\000i\000m\000u\000l\000a\000t\000e\000d\000\040\000E\000x\000p\000e\000r\000i\000m\000e\000n\000t\000s}{chapter.5}% 28
\BOOKMARK [1][-]{section.5.2}{\376\377\000E\000x\000a\000m\000p\000l\000e\000\040\000o\000f\000\040\000t\000h\000e\000\040\000P\000r\000o\000c\000e\000d\000u\000r\000e}{chapter.5}% 29
\BOOKMARK [1][-]{section.5.3}{\376\377\000P\000e\000r\000f\000o\000r\000m\000a\000n\000c\000e\000\040\000M\000e\000t\000r\000i\000c\000s}{chapter.5}% 30
\BOOKMARK [0][-]{chapter.6}{\376\377\000b\000f\000a\000s\000t\000\040\000i\000n\000\040\000a\000\040\000R\000e\000a\000l\000\040\000D\000a\000t\000a\000s\000e\000t}{}% 31
\BOOKMARK [0][-]{chapter.7}{\376\377\000C\000o\000n\000c\000l\000u\000s\000i\000o\000n\000s}{}% 32
\BOOKMARK [0][-]{appendix*.16}{\376\377\000A\000P\000P\000E\000N\000D\000I\000C\000E\000S}{}% 33
\BOOKMARK [0][-]{appendix.A}{\376\377\000D\000o\000m\000a\000i\000n\000\040\000o\000f\000\040\000M\000a\000x\000i\000m\000a\000l\000\040\000A\000t\000t\000r\000a\000c\000t\000i\000o\000n\000\040\000V\000e\000r\000i\000f\000i\000c\000a\000t\000i\000o\000n}{}% 34
\BOOKMARK [0][-]{appendix.B}{\376\377\0003\000d\000\040\000T\000r\000u\000e\000\040\000M\000a\000p\000s\000\040\000G\000e\000n\000e\000r\000a\000t\000i\000o\000n}{}% 35
\BOOKMARK [0][-]{appendix.C}{\376\377\000P\000y\000t\000h\000o\000n\000\040\000S\000c\000r\000i\000p\000t\000s}{}% 36
\BOOKMARK [0][-]{appendix*.18}{\376\377\000R\000e\000f\000e\000r\000e\000n\000c\000e\000s}{}% 37
